{"target": -1.6117770133204512, "params": {"batch_size_log2": 10.0, "dropout": 0.2, "learning_rate": 0.001, "n1_log2": 10.0, "n2_log2": 8.0, "n3_log2": 0.0}, "datetime": {"datetime": "2025-06-02 12:48:59", "elapsed": 0.0, "delta": 0.0}}
{"target": -0.5906485004089918, "params": {"batch_size_log2": 10.9963209507789, "dropout": 0.4753571532049581, "learning_rate": 0.0036626497696389117, "n1_log2": 9.190609389379256, "n2_log2": 4.936111842654619, "n3_log2": 1.0919616423534184}, "datetime": {"datetime": "2025-06-02 13:11:04", "elapsed": 1325.032827, "delta": 1325.032827}}
{"target": -0.5897829982676376, "params": {"batch_size_log2": 8.464668897345597, "dropout": 0.4330880728874676, "learning_rate": 0.0030095639085986124, "n1_log2": 9.956508044572319, "n2_log2": 4.123506965774815, "n3_log2": 6.78936896513396}, "datetime": {"datetime": "2025-06-02 13:31:52", "elapsed": 2573.424773, "delta": 1248.391946}}
{"target": -1.5766053256133752, "params": {"batch_size_log2": 14.659541126403374, "dropout": 0.10616955533913808, "learning_rate": 0.0009173065863634322, "n1_log2": 6.283831568974037, "n2_log2": 5.825453457757226, "n3_log2": 3.6732950214256648}, "datetime": {"datetime": "2025-06-02 13:59:48", "elapsed": 4249.569783, "delta": 1676.14501}}
{"target": -0.5830605913468591, "params": {"batch_size_log2": 11.455560149136925, "dropout": 0.14561457009902096, "learning_rate": 0.003063145944664674, "n1_log2": 5.976457024564293, "n2_log2": 5.752867891211309, "n3_log2": 2.564532903055842}, "datetime": {"datetime": "2025-06-02 14:37:43", "elapsed": 6524.109424, "delta": 2274.539641}}
{"target": -0.5853282361286474, "params": {"batch_size_log2": 11.648559873736287, "dropout": 0.3925879806965068, "learning_rate": 0.0010063721729702151, "n1_log2": 8.59964106889528, "n2_log2": 7.554487413172255, "n3_log2": 0.32515288903998407}, "datetime": {"datetime": "2025-06-02 14:59:16", "elapsed": 7817.773752, "delta": 1293.664328}}
{"target": -1.9155298976801356, "params": {"batch_size_log2": 12.860358815211507, "dropout": 0.08526206184364576, "learning_rate": 0.00033460744899654486, "n1_log2": 11.642198760773333, "n2_log2": 9.793792198447356, "n3_log2": 5.658781436815228}, "datetime": {"datetime": "2025-06-02 16:47:17", "elapsed": 14298.552739, "delta": 6480.778987}}
{"target": -1.621809715527942, "params": {"batch_size_log2": 10.436910153386965, "dropout": 0.048836057003191935, "learning_rate": 0.003424322802295663, "n1_log2": 8.081067456177209, "n2_log2": 4.7322294090686725, "n3_log2": 3.4662383707788913}, "datetime": {"datetime": "2025-06-02 17:04:22", "elapsed": 15322.942123, "delta": 1024.389384}}
{"target": -0.5917114066998719, "params": {"batch_size_log2": 8.275108168921747, "dropout": 0.45466020103939103, "learning_rate": 0.0013013121081840845, "n1_log2": 9.637655990477874, "n2_log2": 5.8702664565364655, "n3_log2": 3.6404761482446757}, "datetime": {"datetime": "2025-06-02 17:28:22", "elapsed": 16763.57987, "delta": 1440.637747}}
{"target": -1.8992539511141249, "params": {"batch_size_log2": 12.373682234746237, "dropout": 0.09242722776276352, "learning_rate": 0.004848227292545147, "n1_log2": 10.425929763527801, "n2_log2": 9.636993649385134, "n3_log2": 6.263791452993542}, "datetime": {"datetime": "2025-06-02 18:27:31", "elapsed": 20312.640347, "delta": 3549.060477}}
{"target": -0.5937336818309765, "params": {"batch_size_log2": 12.78319983048868, "dropout": 0.4609371175115584, "learning_rate": 0.0004515775852390784, "n1_log2": 6.371880036934016, "n2_log2": 4.271363733463229, "n3_log2": 2.2773123153428503}, "datetime": {"datetime": "2025-06-02 18:50:25", "elapsed": 21686.333047, "delta": 1373.6927}}
{"target": -1.5782829724897136, "params": {"batch_size_log2": 11.109418317515857, "dropout": 0.13567451588694796, "learning_rate": 0.004145400170668128, "n1_log2": 7.497273286855124, "n2_log2": 5.685607058124285, "n3_log2": 3.798872582107739}, "datetime": {"datetime": "2025-06-02 19:08:14", "elapsed": 22755.154812, "delta": 1068.821765}}
{"target": -1.5985422829624976, "params": {"batch_size_log2": 9.127393799798101, "dropout": 0.40109849037701983, "learning_rate": 0.0003820077119620565, "n1_log2": 11.908208556203622, "n2_log2": 8.633468615779945, "n3_log2": 1.3910097707392068}, "datetime": {"datetime": "2025-06-02 20:21:08", "elapsed": 27129.668052, "delta": 4374.51324}}
{"target": -0.5898287775022996, "params": {"batch_size_log2": 8.04417693698882, "dropout": 0.4077307142274171, "learning_rate": 0.0035372181457996098, "n1_log2": 10.10305017628691, "n2_log2": 8.627622080115675, "n3_log2": 0.5183125621386325}, "datetime": {"datetime": "2025-06-02 21:11:52", "elapsed": 30173.771751, "delta": 3044.103699}}
{"target": -1.6463570507831151, "params": {"batch_size_log2": 10.867725828354182, "dropout": 0.05793452976256486, "learning_rate": 0.004316886095119212, "n1_log2": 9.363086887792905, "n2_log2": 5.985388149115895, "n3_log2": 0.44490845200216544}, "datetime": {"datetime": "2025-06-02 21:31:00", "elapsed": 31321.588532, "delta": 1147.816781}}
{"target": -1.6412718205499173, "params": {"batch_size_log2": 10.487858573725298, "dropout": 0.16259166101337352, "learning_rate": 0.00365073482990694, "n1_log2": 9.462902299486492, "n2_log2": 9.32327645545796, "n3_log2": 3.305504476133645}, "datetime": {"datetime": "2025-06-02 22:09:38", "elapsed": 33639.108734, "delta": 2317.520202}}
{"target": -0.5874721760097548, "params": {"batch_size_log2": 8.956753967506414, "dropout": 0.3566223936114975, "learning_rate": 0.0038063173925983185, "n1_log2": 8.928940382986474, "n2_log2": 8.625803079727365, "n3_log2": 3.456569174550735}, "datetime": {"datetime": "2025-06-02 22:38:26", "elapsed": 35366.852786, "delta": 1727.744052}}
{"target": -0.5791943017391357, "params": {"batch_size_log2": 12.181862635055953, "dropout": 0.21377050917927481, "learning_rate": 0.000136841442453035, "n1_log2": 5.755239988953131, "n2_log2": 4.188575114120406, "n3_log2": 4.454872878846463}, "datetime": {"datetime": "2025-06-02 23:23:25", "elapsed": 38065.927708, "delta": 2699.074922}}
{"target": -0.5894294744519728, "params": {"batch_size_log2": 10.514847848610614, "dropout": 0.2542853455823514, "learning_rate": 0.004538756704891204, "n1_log2": 6.745045604042124, "n2_log2": 6.462297538213779, "n3_log2": 5.288857969801341}, "datetime": {"datetime": "2025-06-02 23:40:43", "elapsed": 39104.105004, "delta": 1038.177296}}
{"target": -1.6723452067109645, "params": {"batch_size_log2": 9.83038532393298, "dropout": 0.038489954914396496, "learning_rate": 0.0014558597500397025, "n1_log2": 6.1285490107780305, "n2_log2": 9.578185914055439, "n3_log2": 5.656842656950919}, "datetime": {"datetime": "2025-06-03 00:03:17", "elapsed": 40458.500558, "delta": 1354.395554}}
{"target": -0.6412323992803988, "params": {"batch_size_log2": 13.067230052083389, "dropout": 0.43573029509385885, "learning_rate": 0.004020323663726581, "n1_log2": 6.3059904122022505, "n2_log2": 9.355353990939866, "n3_log2": 3.775395693409555}, "datetime": {"datetime": "2025-06-03 00:25:06", "elapsed": 41767.47319, "delta": 1308.972632}}
{"target": -0.6091207373669716, "params": {"batch_size_log2": 14.459521241312501, "dropout": 0.4480456499617466, "learning_rate": 0.001596837340109601, "n1_log2": 5.770363471693737, "n2_log2": 5.36761097525165, "n3_log2": 2.9897545203837943}, "datetime": {"datetime": "2025-06-03 00:50:02", "elapsed": 43263.535224, "delta": 1496.062034}}
{"target": -0.589848503005524, "params": {"batch_size_log2": 14.544118127379946, "dropout": 0.4303652916281717, "learning_rate": 4.469113135064161e-05, "n1_log2": 8.57523111804296, "n2_log2": 6.504466018892674, "n3_log2": 1.5547546732951116}, "datetime": {"datetime": "2025-06-03 02:07:56", "elapsed": 47937.369756, "delta": 4673.834532}}
{"target": -0.5758949580618539, "params": {"batch_size_log2": 8.958922938669463, "dropout": 0.16880758570181398, "learning_rate": 0.0047151194225234705, "n1_log2": 7.262420524145287, "n2_log2": 7.112743730460196, "n3_log2": 4.921132712266245}, "datetime": {"datetime": "2025-06-03 02:32:32", "elapsed": 49413.599249, "delta": 1476.229493}}
{"target": -0.6282590798709871, "params": {"batch_size_log2": 10.909036819034352, "dropout": 0.48589104136048034, "learning_rate": 0.0048126120017611355, "n1_log2": 6.762476070777549, "n2_log2": 6.983491035354312, "n3_log2": 2.1061481687173877}, "datetime": {"datetime": "2025-06-03 02:47:51", "elapsed": 50332.464753, "delta": 918.865504}}
{"target": -1.6590368184251012, "params": {"batch_size_log2": 10.278723955019741, "dropout": 0.018443473677266398, "learning_rate": 0.0030517260265596857, "n1_log2": 8.51875316260203, "n2_log2": 4.308872507499936, "n3_log2": 1.95052524965628}, "datetime": {"datetime": "2025-06-03 03:04:31", "elapsed": 51332.268338, "delta": 999.803585}}
{"target": -1.587413396418273, "params": {"batch_size_log2": 15.26612708773323, "dropout": 0.11978094533348621, "learning_rate": 0.0007330254117352033, "n1_log2": 8.426169321942941, "n2_log2": 9.913902724663604, "n3_log2": 1.6943869005805028}, "datetime": {"datetime": "2025-06-03 03:37:35", "elapsed": 53316.234353, "delta": 1983.966015}}
{"target": -1.1761969345940981, "params": {"batch_size_log2": 13.377084379247028, "dropout": 0.3808098076643588, "learning_rate": 0.0011958113445220745, "n1_log2": 10.097514440283017, "n2_log2": 6.20669879631552, "n3_log2": 4.4261408141550564}, "datetime": {"datetime": "2025-06-03 04:11:36", "elapsed": 55357.369231, "delta": 2041.134878}}
{"target": -1.5779533852919132, "params": {"batch_size_log2": 13.068237686087159, "dropout": 0.26788734203737924, "learning_rate": 0.0004605459525714975, "n1_log2": 10.847117469124665, "n2_log2": 5.9246803898304155, "n3_log2": 1.3056295727989795}, "datetime": {"datetime": "2025-06-03 04:50:40", "elapsed": 57701.378026, "delta": 2344.008795}}
{"target": -0.5892966439250747, "params": {"batch_size_log2": 8.326201132438111, "dropout": 0.2954464715941209, "learning_rate": 0.00339104616559299, "n1_log2": 5.116114802494993, "n2_log2": 7.072558349795686, "n3_log2": 1.5854704263855657}, "datetime": {"datetime": "2025-06-03 05:35:48", "elapsed": 60408.878631, "delta": 2707.500605}}
{"target": -1.6403732654082819, "params": {"batch_size_log2": 13.1613823232756, "dropout": 0.08718321450249572, "learning_rate": 0.0034577793131313054, "n1_log2": 7.707147424103762, "n2_log2": 9.620379932420407, "n3_log2": 0.9626466090219528}, "datetime": {"datetime": "2025-06-03 05:55:08", "elapsed": 61568.925289, "delta": 1160.046658}}
{"target": -1.760608067918958, "params": {"batch_size_log2": 10.728530808402068, "dropout": 0.056736760620294535, "learning_rate": 0.004624221155210028, "n1_log2": 11.141375473666868, "n2_log2": 5.547649766290934, "n3_log2": 4.6198883222392535}, "datetime": {"datetime": "2025-06-03 06:30:00", "elapsed": 63661.354638, "delta": 2092.429349}}
{"target": -0.5859925542219319, "params": {"batch_size_log2": 14.537777601609726, "dropout": 0.27760040579973116, "learning_rate": 0.0026529563859964728, "n1_log2": 6.692966036303162, "n2_log2": 4.558616606835395, "n3_log2": 6.280510305673287}, "datetime": {"datetime": "2025-06-03 06:45:22", "elapsed": 64583.683265, "delta": 922.328627}}
{"target": -0.5849552359168647, "params": {"batch_size_log2": 15.203344457306644, "dropout": 0.31655072863663397, "learning_rate": 0.0017017586573330166, "n1_log2": 7.4444670222886264, "n2_log2": 8.355734073221436, "n3_log2": 6.279771819668039}, "datetime": {"datetime": "2025-06-03 07:03:57", "elapsed": 65697.993408, "delta": 1114.310143}}
{"target": -0.6038790558400247, "params": {"batch_size_log2": 15.096691394120938, "dropout": 0.38993777292881193, "learning_rate": 0.0032137379143098964, "n1_log2": 5.588979754965342, "n2_log2": 4.969772284567682, "n3_log2": 6.289879319689555}, "datetime": {"datetime": "2025-06-03 07:18:51", "elapsed": 66592.264062, "delta": 894.270654}}
{"target": -1.6979136503415486, "params": {"batch_size_log2": 12.85143247727672, "dropout": 0.004598525808314824, "learning_rate": 0.0005163429989015003, "n1_log2": 9.64451238375639, "n2_log2": 4.030369503077312, "n3_log2": 1.1256563599224907}, "datetime": {"datetime": "2025-06-03 07:36:49", "elapsed": 67670.103021, "delta": 1077.838959}}
{"target": -0.6061374673476726, "params": {"batch_size_log2": 12.38987031493269, "dropout": 0.3459475988463466, "learning_rate": 0.003263286684917977, "n1_log2": 6.569885166223918, "n2_log2": 8.273075328085216, "n3_log2": 1.6607436124776005}, "datetime": {"datetime": "2025-06-03 07:51:59", "elapsed": 68580.177699, "delta": 910.074678}}
{"target": -1.5917704879480792, "params": {"batch_size_log2": 10.603197585274142, "dropout": 0.37324570255901207, "learning_rate": 0.0032516681662456016, "n1_log2": 10.944563873459245, "n2_log2": 7.94567735380206, "n3_log2": 3.9781602233483015}, "datetime": {"datetime": "2025-06-03 08:50:25", "elapsed": 72086.436389, "delta": 3506.25869}}
{"target": -1.185058899794239, "params": {"batch_size_log2": 8.74939814262474, "dropout": 0.18385790152971676, "learning_rate": 0.0013333598147318101, "n1_log2": 6.707927503653585, "n2_log2": 9.838063328514673, "n3_log2": 2.751684072667323}, "datetime": {"datetime": "2025-06-03 09:09:54", "elapsed": 73255.307265, "delta": 1168.870876}}
{"target": -1.0839808539105418, "params": {"batch_size_log2": 15.136372441416906, "dropout": 0.31556931299863145, "learning_rate": 0.0039761084046728255, "n1_log2": 8.518459651736345, "n2_log2": 7.461423307758155, "n3_log2": 3.447623856732047}, "datetime": {"datetime": "2025-06-03 09:42:45", "elapsed": 75226.065282, "delta": 1970.758017}}
{"target": -0.628160444206229, "params": {"batch_size_log2": 9.561943902384357, "dropout": 0.36122605763075266, "learning_rate": 0.0014110540885798706, "n1_log2": 5.170211765020177, "n2_log2": 7.872833775443007, "n3_log2": 1.2397747558493426}, "datetime": {"datetime": "2025-06-03 09:58:55", "elapsed": 76196.761689, "delta": 970.696407}}
{"target": -0.5914823079603139, "params": {"batch_size_log2": 15.523668674823314, "dropout": 0.4769642885012937, "learning_rate": 0.004575173307200038, "n1_log2": 7.591110901788111, "n2_log2": 4.092739699173205, "n3_log2": 6.498229938114077}, "datetime": {"datetime": "2025-06-03 10:17:28", "elapsed": 77309.581203, "delta": 1112.819514}}
{"target": -0.5918285109276873, "params": {"batch_size_log2": 11.425473186538515, "dropout": 0.4833274095218348, "learning_rate": 0.004818463685675372, "n1_log2": 10.971066188271521, "n2_log2": 5.766693352417514, "n3_log2": 2.6956841002134766}, "datetime": {"datetime": "2025-06-03 10:42:20", "elapsed": 78801.372769, "delta": 1491.791566}}
{"target": -1.5939112124048878, "params": {"batch_size_log2": 14.809093372134855, "dropout": 0.15846100257813883, "learning_rate": 0.0008557688059636017, "n1_log2": 8.897608837208452, "n2_log2": 9.616928644964686, "n3_log2": 4.872208576724811}, "datetime": {"datetime": "2025-06-03 11:15:03", "elapsed": 80764.466206, "delta": 1963.093437}}
{"target": -1.7557749112146719, "params": {"batch_size_log2": 12.56048936071492, "dropout": 0.04858824688538427, "learning_rate": 0.0030788860612288574, "n1_log2": 11.930376950729844, "n2_log2": 4.840504091419144, "n3_log2": 3.628307566546157}, "datetime": {"datetime": "2025-06-03 11:59:32", "elapsed": 83433.399223, "delta": 2668.933017}}
{"target": -1.586490900567863, "params": {"batch_size_log2": 15.018984575423644, "dropout": 0.3703843088771022, "learning_rate": 0.0034881085475663874, "n1_log2": 9.917388587909766, "n2_log2": 6.156946907318531, "n3_log2": 2.0551429098514538}, "datetime": {"datetime": "2025-06-03 13:20:50", "elapsed": 88311.357137, "delta": 4877.957914}}
{"target": -1.5980033501218052, "params": {"batch_size_log2": 14.474889243828109, "dropout": 0.4050566973395904, "learning_rate": 0.004336690869714718, "n1_log2": 11.392683867895299, "n2_log2": 7.068054393165626, "n3_log2": 3.5106140628103972}, "datetime": {"datetime": "2025-06-03 14:29:20", "elapsed": 92421.285383, "delta": 4109.928246}}
{"target": -1.5855731105577837, "params": {"batch_size_log2": 14.386361431734201, "dropout": 0.3249819653888826, "learning_rate": 0.0035128147175159403, "n1_log2": 10.570548686052707, "n2_log2": 9.340032050905398, "n3_log2": 2.365966097960751}, "datetime": {"datetime": "2025-06-03 15:32:44", "elapsed": 96225.542379, "delta": 3804.256996}}
{"target": -1.5802543432264233, "params": {"batch_size_log2": 11.004663621119551, "dropout": 0.0469909699204345, "learning_rate": 0.0028956179035709083, "n1_log2": 5.251595916577195, "n2_log2": 6.793588108794761, "n3_log2": 3.7985124429530366}, "datetime": {"datetime": "2025-06-03 15:46:18", "elapsed": 97039.543741, "delta": 814.001362}}
{"target": -0.6069214058743445, "params": {"batch_size_log2": 10.292330017026275, "dropout": 0.2954166302845054, "learning_rate": 0.00016219624719585667, "n1_log2": 5.261437321244501, "n2_log2": 8.935603363957949, "n3_log2": 2.52133448987884}, "datetime": {"datetime": "2025-06-03 16:04:56", "elapsed": 98157.43709, "delta": 1117.893349}}
{"target": -0.5807099554592928, "params": {"batch_size_log2": 9.016484101215077, "dropout": 0.2611216300274022, "learning_rate": 0.0038522678299620686, "n1_log2": 6.510747192477902, "n2_log2": 7.737342854914002, "n3_log2": 0.597432254956376}, "datetime": {"datetime": "2025-06-03 16:22:22", "elapsed": 99203.302335, "delta": 1045.865245}}
{"target": -0.5859902179525074, "params": {"batch_size_log2": 9.30741279774283, "dropout": 0.3262685864381536, "learning_rate": 0.004030077714999549, "n1_log2": 6.115118718009767, "n2_log2": 7.299819241234412, "n3_log2": 1.660694995002257}, "datetime": {"datetime": "2025-06-03 16:36:15", "elapsed": 100036.209943, "delta": 832.907608}}
{"target": -0.6325351458804755, "params": {"batch_size_log2": 13.190099576824776, "dropout": 0.5, "learning_rate": 0.0021255781868275408, "n1_log2": 5.514611692601404, "n2_log2": 5.044755884096811, "n3_log2": 2.7495240225456192}, "datetime": {"datetime": "2025-06-03 16:49:55", "elapsed": 100856.706289, "delta": 820.496346}}
{"target": -0.6080913746287274, "params": {"batch_size_log2": 10.750817570011554, "dropout": 0.33502524946286966, "learning_rate": 0.0019046197442786229, "n1_log2": 6.257275762921737, "n2_log2": 8.187568410181639, "n3_log2": 1.419790218615803}, "datetime": {"datetime": "2025-06-03 17:04:12", "elapsed": 101713.149919, "delta": 856.44363}}
{"target": -0.6247496793089943, "params": {"batch_size_log2": 12.312613659331337, "dropout": 0.43144957589524924, "learning_rate": 0.0017525540780693738, "n1_log2": 6.426535911968258, "n2_log2": 6.449793619524441, "n3_log2": 1.5670997277974403}, "datetime": {"datetime": "2025-06-03 17:17:44", "elapsed": 102525.308224, "delta": 812.158305}}
{"target": -0.5979633743894059, "params": {"batch_size_log2": 8.327863886745567, "dropout": 0.4290451477306094, "learning_rate": 0.003272170948121702, "n1_log2": 8.556634228469878, "n2_log2": 7.312831832588573, "n3_log2": 3.810856911922366}, "datetime": {"datetime": "2025-06-03 17:38:48", "elapsed": 103789.545126, "delta": 1264.236902}}
{"target": -0.5935629678296668, "params": {"batch_size_log2": 11.577712193533554, "dropout": 0.5, "learning_rate": 1e-05, "n1_log2": 7.1472360762807225, "n2_log2": 7.384401364042468, "n3_log2": 0.5570113037274427}, "datetime": {"datetime": "2025-06-03 18:38:23", "elapsed": 107364.723662, "delta": 3575.178536}}
{"target": -0.6229521612212655, "params": {"batch_size_log2": 14.246881718706806, "dropout": 0.5, "learning_rate": 0.0015305840255296103, "n1_log2": 6.066743378951299, "n2_log2": 5.135722266862671, "n3_log2": 1.5842261117718013}, "datetime": {"datetime": "2025-06-03 18:56:58", "elapsed": 108479.219398, "delta": 1114.495736}}
{"target": -0.5974405014964964, "params": {"batch_size_log2": 13.240073457017388, "dropout": 0.5, "learning_rate": 1e-05, "n1_log2": 7.834728374251738, "n2_log2": 6.832239456382294, "n3_log2": 0.9499175828281078}, "datetime": {"datetime": "2025-06-03 19:59:31", "elapsed": 112232.120363, "delta": 3752.900965}}
{"target": -0.587109269740251, "params": {"batch_size_log2": 8.0, "dropout": 0.5, "learning_rate": 0.0046905343185737625, "n1_log2": 8.860966098429937, "n2_log2": 8.080362048613567, "n3_log2": 2.0870999528247847}, "datetime": {"datetime": "2025-06-03 20:24:34", "elapsed": 113735.262267, "delta": 1503.141904}}
