{"target": -1.5894246815168933, "params": {"batch_size_log2": 10.0, "dropout": 0.2, "learning_rate": 0.001, "n1_log2": 10.0, "n2_log2": 8.0, "n3_log2": 0.0}, "datetime": {"datetime": "2025-06-01 20:03:43", "elapsed": 0.0, "delta": 0.0}}
{"target": -1.2738230209830197, "params": {"batch_size_log2": 10.9963209507789, "dropout": 0.4753571532049581, "learning_rate": 0.0036626497696389117, "n1_log2": 9.190609389379256, "n2_log2": 4.936111842654619, "n3_log2": 1.0919616423534184}, "datetime": {"datetime": "2025-06-01 20:10:42", "elapsed": 419.173724, "delta": 419.173724}}
{"target": -1.0763114016910895, "params": {"batch_size_log2": 8.464668897345597, "dropout": 0.4330880728874676, "learning_rate": 0.0030095639085986124, "n1_log2": 9.956508044572319, "n2_log2": 4.123506965774815, "n3_log2": 6.78936896513396}, "datetime": {"datetime": "2025-06-01 20:19:04", "elapsed": 921.353476, "delta": 502.179752}}
{"target": -1.540807804694159, "params": {"batch_size_log2": 14.659541126403374, "dropout": 0.10616955533913808, "learning_rate": 0.0009173065863634322, "n1_log2": 6.283831568974037, "n2_log2": 5.825453457757226, "n3_log2": 3.6732950214256648}, "datetime": {"datetime": "2025-06-01 20:35:14", "elapsed": 1891.64871, "delta": 970.295234}}
{"target": -0.5485094169182249, "params": {"batch_size_log2": 11.455560149136925, "dropout": 0.14561457009902096, "learning_rate": 0.003063145944664674, "n1_log2": 5.976457024564293, "n2_log2": 5.752867891211309, "n3_log2": 2.564532903055842}, "datetime": {"datetime": "2025-06-01 20:41:42", "elapsed": 2278.743751, "delta": 387.095041}}
{"target": -1.3646649308184007, "params": {"batch_size_log2": 11.648559873736287, "dropout": 0.3925879806965068, "learning_rate": 0.0010063721729702151, "n1_log2": 8.59964106889528, "n2_log2": 7.554487413172255, "n3_log2": 0.32515288903998407}, "datetime": {"datetime": "2025-06-01 20:49:38", "elapsed": 2755.240455, "delta": 476.496704}}
{"target": -1.846637286875254, "params": {"batch_size_log2": 12.860358815211507, "dropout": 0.08526206184364576, "learning_rate": 0.00033460744899654486, "n1_log2": 11.642198760773333, "n2_log2": 9.793792198447356, "n3_log2": 5.658781436815228}, "datetime": {"datetime": "2025-06-01 21:30:35", "elapsed": 5212.572558, "delta": 2457.332103}}
{"target": -1.5749228319608095, "params": {"batch_size_log2": 10.436910153386965, "dropout": 0.048836057003191935, "learning_rate": 0.003424322802295663, "n1_log2": 8.081067456177209, "n2_log2": 4.7322294090686725, "n3_log2": 3.4662383707788913}, "datetime": {"datetime": "2025-06-01 21:36:50", "elapsed": 5586.796694, "delta": 374.224136}}
{"target": -1.3730711069808512, "params": {"batch_size_log2": 8.275108168921747, "dropout": 0.45466020103939103, "learning_rate": 0.0013013121081840845, "n1_log2": 9.637655990477874, "n2_log2": 5.8702664565364655, "n3_log2": 3.6404761482446757}, "datetime": {"datetime": "2025-06-01 21:45:14", "elapsed": 6090.941071, "delta": 504.144377}}
{"target": -1.9169295610396868, "params": {"batch_size_log2": 12.373682234746237, "dropout": 0.09242722776276352, "learning_rate": 0.004848227292545147, "n1_log2": 10.425929763527801, "n2_log2": 9.636993649385134, "n3_log2": 6.263791452993542}, "datetime": {"datetime": "2025-06-01 22:08:01", "elapsed": 7458.199209, "delta": 1367.258138}}
{"target": -0.5715916158525636, "params": {"batch_size_log2": 12.78319983048868, "dropout": 0.4609371175115584, "learning_rate": 0.0004515775852390784, "n1_log2": 6.371880036934016, "n2_log2": 4.271363733463229, "n3_log2": 2.2773123153428503}, "datetime": {"datetime": "2025-06-01 22:18:27", "elapsed": 8083.75884, "delta": 625.559631}}
