{"target": -1.6189400373312521, "params": {"batch_size_log2": 10.0, "dropout": 0.2, "learning_rate": 0.001, "n1_log2": 10.0, "n2_log2": 8.0, "n3_log2": 0.0}, "datetime": {"datetime": "2025-06-02 12:22:58", "elapsed": 0.0, "delta": 0.0}}
{"target": -0.5903624008199783, "params": {"batch_size_log2": 10.9963209507789, "dropout": 0.4753571532049581, "learning_rate": 0.0036626497696389117, "n1_log2": 9.190609389379256, "n2_log2": 4.936111842654619, "n3_log2": 1.0919616423534184}, "datetime": {"datetime": "2025-06-02 12:30:04", "elapsed": 425.454065, "delta": 425.454065}}
{"target": -1.5918470644453766, "params": {"batch_size_log2": 8.464668897345597, "dropout": 0.4330880728874676, "learning_rate": 0.0030095639085986124, "n1_log2": 9.956508044572319, "n2_log2": 4.123506965774815, "n3_log2": 6.78936896513396}, "datetime": {"datetime": "2025-06-02 12:38:12", "elapsed": 913.728231, "delta": 488.274166}}
{"target": -1.5672162814759605, "params": {"batch_size_log2": 14.659541126403374, "dropout": 0.10616955533913808, "learning_rate": 0.0009173065863634322, "n1_log2": 6.283831568974037, "n2_log2": 5.825453457757226, "n3_log2": 3.6732950214256648}, "datetime": {"datetime": "2025-06-02 12:50:51", "elapsed": 1672.588592, "delta": 758.860361}}
{"target": -1.2748303689418923, "params": {"batch_size_log2": 11.455560149136925, "dropout": 0.14561457009902096, "learning_rate": 0.003063145944664674, "n1_log2": 5.976457024564293, "n2_log2": 5.752867891211309, "n3_log2": 2.564532903055842}, "datetime": {"datetime": "2025-06-02 12:57:31", "elapsed": 2072.343866, "delta": 399.755274}}
{"target": -1.5876038991511656, "params": {"batch_size_log2": 11.648559873736287, "dropout": 0.3925879806965068, "learning_rate": 0.0010063721729702151, "n1_log2": 8.59964106889528, "n2_log2": 7.554487413172255, "n3_log2": 0.32515288903998407}, "datetime": {"datetime": "2025-06-02 13:06:00", "elapsed": 2581.256935, "delta": 508.913069}}
{"target": -1.814359271335693, "params": {"batch_size_log2": 12.860358815211507, "dropout": 0.08526206184364576, "learning_rate": 0.00033460744899654486, "n1_log2": 11.642198760773333, "n2_log2": 9.793792198447356, "n3_log2": 5.658781436815228}, "datetime": {"datetime": "2025-06-02 13:46:43", "elapsed": 5024.918527, "delta": 2443.661592}}
{"target": -1.611079708950876, "params": {"batch_size_log2": 10.436910153386965, "dropout": 0.048836057003191935, "learning_rate": 0.003424322802295663, "n1_log2": 8.081067456177209, "n2_log2": 4.7322294090686725, "n3_log2": 3.4662383707788913}, "datetime": {"datetime": "2025-06-02 13:52:51", "elapsed": 5392.403513, "delta": 367.484986}}
{"target": -1.5899012271509645, "params": {"batch_size_log2": 8.275108168921747, "dropout": 0.45466020103939103, "learning_rate": 0.0013013121081840845, "n1_log2": 9.637655990477874, "n2_log2": 5.8702664565364655, "n3_log2": 3.6404761482446757}, "datetime": {"datetime": "2025-06-02 14:01:12", "elapsed": 5894.004382, "delta": 501.600869}}
{"target": -1.8948030851158277, "params": {"batch_size_log2": 12.373682234746237, "dropout": 0.09242722776276352, "learning_rate": 0.004848227292545147, "n1_log2": 10.425929763527801, "n2_log2": 9.636993649385134, "n3_log2": 6.263791452993542}, "datetime": {"datetime": "2025-06-02 14:24:24", "elapsed": 7285.216407, "delta": 1391.212025}}
{"target": -1.090150493500724, "params": {"batch_size_log2": 12.78319983048868, "dropout": 0.4609371175115584, "learning_rate": 0.0004515775852390784, "n1_log2": 6.371880036934016, "n2_log2": 4.271363733463229, "n3_log2": 2.2773123153428503}, "datetime": {"datetime": "2025-06-02 14:36:17", "elapsed": 7998.383622, "delta": 713.167215}}
{"target": -1.5720700368576597, "params": {"batch_size_log2": 11.109418317515857, "dropout": 0.13567451588694796, "learning_rate": 0.004145400170668128, "n1_log2": 7.497273286855124, "n2_log2": 5.685607058124285, "n3_log2": 3.798872582107739}, "datetime": {"datetime": "2025-06-02 14:43:24", "elapsed": 8425.770447, "delta": 427.386825}}
{"target": -1.5819527614676685, "params": {"batch_size_log2": 9.127393799798101, "dropout": 0.40109849037701983, "learning_rate": 0.0003820077119620565, "n1_log2": 11.908208556203622, "n2_log2": 8.633468615779945, "n3_log2": 1.3910097707392068}, "datetime": {"datetime": "2025-06-02 15:12:56", "elapsed": 10197.941799, "delta": 1772.171352}}
{"target": -1.3830676984380825, "params": {"batch_size_log2": 8.04417693698882, "dropout": 0.4077307142274171, "learning_rate": 0.0035372181457996098, "n1_log2": 10.10305017628691, "n2_log2": 8.627622080115675, "n3_log2": 0.5183125621386325}, "datetime": {"datetime": "2025-06-02 15:34:32", "elapsed": 11493.90387, "delta": 1295.962071}}
{"target": -1.657878469370925, "params": {"batch_size_log2": 10.867725828354182, "dropout": 0.05793452976256486, "learning_rate": 0.004316886095119212, "n1_log2": 9.363086887792905, "n2_log2": 5.985388149115895, "n3_log2": 0.44490845200216544}, "datetime": {"datetime": "2025-06-02 15:41:59", "elapsed": 11940.719394, "delta": 446.815524}}
{"target": -1.6320475136982338, "params": {"batch_size_log2": 10.487858573725298, "dropout": 0.16259166101337352, "learning_rate": 0.00365073482990694, "n1_log2": 9.462902299486492, "n2_log2": 9.32327645545796, "n3_log2": 3.305504476133645}, "datetime": {"datetime": "2025-06-02 15:56:22", "elapsed": 12803.735902, "delta": 863.016508}}
{"target": -1.5828116441144862, "params": {"batch_size_log2": 8.956753967506414, "dropout": 0.3566223936114975, "learning_rate": 0.0038063173925983185, "n1_log2": 8.928940382986474, "n2_log2": 8.625803079727365, "n3_log2": 3.456569174550735}, "datetime": {"datetime": "2025-06-02 16:06:11", "elapsed": 13392.97612, "delta": 589.240218}}
{"target": -0.5755533670561473, "params": {"batch_size_log2": 12.181862635055953, "dropout": 0.21377050917927481, "learning_rate": 0.000136841442453035, "n1_log2": 5.755239988953131, "n2_log2": 4.188575114120406, "n3_log2": 4.454872878846463}, "datetime": {"datetime": "2025-06-02 16:32:00", "elapsed": 14941.766386, "delta": 1548.790266}}
{"target": -1.5846454378480384, "params": {"batch_size_log2": 10.514847848610614, "dropout": 0.2542853455823514, "learning_rate": 0.004538756704891204, "n1_log2": 6.745045604042124, "n2_log2": 6.462297538213779, "n3_log2": 5.288857969801341}, "datetime": {"datetime": "2025-06-02 16:39:45", "elapsed": 15406.65125, "delta": 464.884864}}
{"target": -1.6955041956762704, "params": {"batch_size_log2": 9.83038532393298, "dropout": 0.038489954914396496, "learning_rate": 0.0014558597500397025, "n1_log2": 6.1285490107780305, "n2_log2": 9.578185914055439, "n3_log2": 5.656842656950919}, "datetime": {"datetime": "2025-06-02 16:47:31", "elapsed": 15873.08261, "delta": 466.43136}}
{"target": -0.6299551476857352, "params": {"batch_size_log2": 13.067230052083389, "dropout": 0.43573029509385885, "learning_rate": 0.004020323663726581, "n1_log2": 6.3059904122022505, "n2_log2": 9.355353990939866, "n3_log2": 3.775395693409555}, "datetime": {"datetime": "2025-06-02 16:55:22", "elapsed": 16343.646414, "delta": 470.563804}}
{"target": -0.6071857525434449, "params": {"batch_size_log2": 14.459521241312501, "dropout": 0.4480456499617466, "learning_rate": 0.001596837340109601, "n1_log2": 5.770363471693737, "n2_log2": 5.36761097525165, "n3_log2": 2.9897545203837943}, "datetime": {"datetime": "2025-06-02 17:02:55", "elapsed": 16797.072888, "delta": 453.426474}}
{"target": -1.2837526446512422, "params": {"batch_size_log2": 14.544118127379946, "dropout": 0.4303652916281717, "learning_rate": 4.469113135064161e-05, "n1_log2": 8.57523111804296, "n2_log2": 6.504466018892674, "n3_log2": 1.5547546732951116}, "datetime": {"datetime": "2025-06-02 17:31:07", "elapsed": 18488.564242, "delta": 1691.491354}}
{"target": -1.574404794028001, "params": {"batch_size_log2": 8.958922938669463, "dropout": 0.16880758570181398, "learning_rate": 0.0047151194225234705, "n1_log2": 7.262420524145287, "n2_log2": 7.112743730460196, "n3_log2": 4.921132712266245}, "datetime": {"datetime": "2025-06-02 17:39:00", "elapsed": 18961.525013, "delta": 472.960771}}
{"target": -0.6242905736736457, "params": {"batch_size_log2": 10.909036819034352, "dropout": 0.48589104136048034, "learning_rate": 0.0048126120017611355, "n1_log2": 6.762476070777549, "n2_log2": 6.983491035354312, "n3_log2": 2.1061481687173877}, "datetime": {"datetime": "2025-06-02 17:45:02", "elapsed": 19323.740578, "delta": 362.215565}}
{"target": -1.6530725082602316, "params": {"batch_size_log2": 10.278723955019741, "dropout": 0.018443473677266398, "learning_rate": 0.0030517260265596857, "n1_log2": 8.51875316260203, "n2_log2": 4.308872507499936, "n3_log2": 1.95052524965628}, "datetime": {"datetime": "2025-06-02 17:51:42", "elapsed": 19723.833561, "delta": 400.092983}}
{"target": -1.5749418084604536, "params": {"batch_size_log2": 15.26612708773323, "dropout": 0.11978094533348621, "learning_rate": 0.0007330254117352033, "n1_log2": 8.426169321942941, "n2_log2": 9.913902724663604, "n3_log2": 1.6943869005805028}, "datetime": {"datetime": "2025-06-02 18:05:40", "elapsed": 20561.762166, "delta": 837.928605}}
{"target": -1.58267369790045, "params": {"batch_size_log2": 13.377084379247028, "dropout": 0.3808098076643588, "learning_rate": 0.0011958113445220745, "n1_log2": 10.097514440283017, "n2_log2": 6.20669879631552, "n3_log2": 4.4261408141550564}, "datetime": {"datetime": "2025-06-02 18:22:05", "elapsed": 21546.172073, "delta": 984.409907}}
{"target": -1.5710492753308727, "params": {"batch_size_log2": 13.068237686087159, "dropout": 0.26788734203737924, "learning_rate": 0.0004605459525714975, "n1_log2": 10.847117469124665, "n2_log2": 5.9246803898304155, "n3_log2": 1.3056295727989795}, "datetime": {"datetime": "2025-06-02 18:37:33", "elapsed": 22474.114527, "delta": 927.942454}}
{"target": -0.5877454088437908, "params": {"batch_size_log2": 8.326201132438111, "dropout": 0.2954464715941209, "learning_rate": 0.00339104616559299, "n1_log2": 5.116114802494993, "n2_log2": 7.072558349795686, "n3_log2": 1.5854704263855657}, "datetime": {"datetime": "2025-06-02 18:43:35", "elapsed": 22836.14321, "delta": 362.028683}}
{"target": -1.6412392853607758, "params": {"batch_size_log2": 13.1613823232756, "dropout": 0.08718321450249572, "learning_rate": 0.0034577793131313054, "n1_log2": 7.707147424103762, "n2_log2": 9.620379932420407, "n3_log2": 0.9626466090219528}, "datetime": {"datetime": "2025-06-02 18:52:08", "elapsed": 23349.699412, "delta": 513.556202}}
{"target": -1.7707517009199405, "params": {"batch_size_log2": 10.728530808402068, "dropout": 0.056736760620294535, "learning_rate": 0.004624221155210028, "n1_log2": 11.141375473666868, "n2_log2": 5.547649766290934, "n3_log2": 4.6198883222392535}, "datetime": {"datetime": "2025-06-02 19:06:23", "elapsed": 24204.333248, "delta": 854.633836}}
{"target": -1.073506284353309, "params": {"batch_size_log2": 14.537777601609726, "dropout": 0.27760040579973116, "learning_rate": 0.0026529563859964728, "n1_log2": 6.692966036303162, "n2_log2": 4.558616606835395, "n3_log2": 6.280510305673287}, "datetime": {"datetime": "2025-06-02 19:19:05", "elapsed": 24966.297552, "delta": 761.964304}}
{"target": -1.5793078311081352, "params": {"batch_size_log2": 15.203344457306644, "dropout": 0.31655072863663397, "learning_rate": 0.0017017586573330166, "n1_log2": 7.4444670222886264, "n2_log2": 8.355734073221436, "n3_log2": 6.279771819668039}, "datetime": {"datetime": "2025-06-02 19:30:40", "elapsed": 25661.131413, "delta": 694.833861}}
{"target": -1.0987295060783615, "params": {"batch_size_log2": 15.096691394120938, "dropout": 0.38993777292881193, "learning_rate": 0.0032137379143098964, "n1_log2": 5.588979754965342, "n2_log2": 4.969772284567682, "n3_log2": 6.289879319689555}, "datetime": {"datetime": "2025-06-02 19:38:39", "elapsed": 26140.849758, "delta": 479.718345}}
{"target": -1.6715322225476674, "params": {"batch_size_log2": 12.85143247727672, "dropout": 0.004598525808314824, "learning_rate": 0.0005163429989015003, "n1_log2": 9.64451238375639, "n2_log2": 4.030369503077312, "n3_log2": 1.1256563599224907}, "datetime": {"datetime": "2025-06-02 19:46:53", "elapsed": 26634.30752, "delta": 493.457762}}
{"target": -1.4063665321481629, "params": {"batch_size_log2": 12.38987031493269, "dropout": 0.3459475988463466, "learning_rate": 0.003263286684917977, "n1_log2": 6.569885166223918, "n2_log2": 8.273075328085216, "n3_log2": 1.6607436124776005}, "datetime": {"datetime": "2025-06-02 19:53:31", "elapsed": 27033.080305, "delta": 398.772785}}
{"target": -1.593046565648839, "params": {"batch_size_log2": 10.603197585274142, "dropout": 0.37324570255901207, "learning_rate": 0.0032516681662456016, "n1_log2": 10.944563873459245, "n2_log2": 7.94567735380206, "n3_log2": 3.9781602233483015}, "datetime": {"datetime": "2025-06-02 20:07:09", "elapsed": 27850.876436, "delta": 817.796131}}
{"target": -1.5780327945504542, "params": {"batch_size_log2": 8.74939814262474, "dropout": 0.18385790152971676, "learning_rate": 0.0013333598147318101, "n1_log2": 6.707927503653585, "n2_log2": 9.838063328514673, "n3_log2": 2.751684072667323}, "datetime": {"datetime": "2025-06-02 20:15:13", "elapsed": 28334.713922, "delta": 483.837486}}
{"target": -1.576912370727296, "params": {"batch_size_log2": 15.136372441416906, "dropout": 0.31556931299863145, "learning_rate": 0.0039761084046728255, "n1_log2": 8.518459651736345, "n2_log2": 7.461423307758155, "n3_log2": 3.447623856732047}, "datetime": {"datetime": "2025-06-02 20:27:14", "elapsed": 29055.517554, "delta": 720.803632}}
{"target": -0.612819795869364, "params": {"batch_size_log2": 9.561943902384357, "dropout": 0.36122605763075266, "learning_rate": 0.0014110540885798706, "n1_log2": 5.170211765020177, "n2_log2": 7.872833775443007, "n3_log2": 1.2397747558493426}, "datetime": {"datetime": "2025-06-02 20:32:40", "elapsed": 29381.35312, "delta": 325.835566}}
{"target": -1.2894682118272665, "params": {"batch_size_log2": 15.523668674823314, "dropout": 0.4769642885012937, "learning_rate": 0.004575173307200038, "n1_log2": 7.591110901788111, "n2_log2": 4.092739699173205, "n3_log2": 6.498229938114077}, "datetime": {"datetime": "2025-06-02 20:40:59", "elapsed": 29880.525519, "delta": 499.172399}}
{"target": -1.5940044360953523, "params": {"batch_size_log2": 11.425473186538515, "dropout": 0.4833274095218348, "learning_rate": 0.004818463685675372, "n1_log2": 10.971066188271521, "n2_log2": 5.766693352417514, "n3_log2": 2.6956841002134766}, "datetime": {"datetime": "2025-06-02 20:50:34", "elapsed": 30455.571833, "delta": 575.046314}}
{"target": -1.5783795305450576, "params": {"batch_size_log2": 14.809093372134855, "dropout": 0.15846100257813883, "learning_rate": 0.0008557688059636017, "n1_log2": 8.897608837208452, "n2_log2": 9.616928644964686, "n3_log2": 4.872208576724811}, "datetime": {"datetime": "2025-06-02 21:02:46", "elapsed": 31187.924018, "delta": 732.352185}}
{"target": -1.724704594729877, "params": {"batch_size_log2": 12.56048936071492, "dropout": 0.04858824688538427, "learning_rate": 0.0030788860612288574, "n1_log2": 11.930376950729844, "n2_log2": 4.840504091419144, "n3_log2": 3.628307566546157}, "datetime": {"datetime": "2025-06-02 21:18:18", "elapsed": 32119.861261, "delta": 931.937243}}
{"target": -1.5811539496496816, "params": {"batch_size_log2": 15.018984575423644, "dropout": 0.3703843088771022, "learning_rate": 0.0034881085475663874, "n1_log2": 9.917388587909766, "n2_log2": 6.156946907318531, "n3_log2": 2.0551429098514538}, "datetime": {"datetime": "2025-06-02 21:26:56", "elapsed": 32637.921513, "delta": 518.060252}}
{"target": -1.5894691576592686, "params": {"batch_size_log2": 14.474889243828109, "dropout": 0.4050566973395904, "learning_rate": 0.004336690869714718, "n1_log2": 11.392683867895299, "n2_log2": 7.068054393165626, "n3_log2": 3.5106140628103972}, "datetime": {"datetime": "2025-06-02 21:49:06", "elapsed": 33967.128128, "delta": 1329.206615}}
{"target": -1.5830100467373809, "params": {"batch_size_log2": 14.386361431734201, "dropout": 0.3249819653888826, "learning_rate": 0.0035128147175159403, "n1_log2": 10.570548686052707, "n2_log2": 9.340032050905398, "n3_log2": 2.365966097960751}, "datetime": {"datetime": "2025-06-02 22:16:15", "elapsed": 35596.930206, "delta": 1629.802078}}
{"target": -1.5761178059523009, "params": {"batch_size_log2": 11.004663621119551, "dropout": 0.0469909699204345, "learning_rate": 0.0028956179035709083, "n1_log2": 5.251595916577195, "n2_log2": 6.793588108794761, "n3_log2": 3.7985124429530366}, "datetime": {"datetime": "2025-06-02 22:22:24", "elapsed": 35965.375008, "delta": 368.444802}}
{"target": -0.5968185874139192, "params": {"batch_size_log2": 10.292330017026275, "dropout": 0.2954166302845054, "learning_rate": 0.00016219624719585667, "n1_log2": 5.261437321244501, "n2_log2": 8.935603363957949, "n3_log2": 2.52133448987884}, "datetime": {"datetime": "2025-06-02 22:29:23", "elapsed": 36384.43301, "delta": 419.058002}}
{"target": -1.0915523151666706, "params": {"batch_size_log2": 9.016484101215077, "dropout": 0.2611216300274022, "learning_rate": 0.0038522678299620686, "n1_log2": 6.510747192477902, "n2_log2": 7.737342854914002, "n3_log2": 0.597432254956376}, "datetime": {"datetime": "2025-06-02 22:36:55", "elapsed": 36836.271479, "delta": 451.838469}}
{"target": -0.6302246062240907, "params": {"batch_size_log2": 10.110558871534916, "dropout": 0.42755100682455144, "learning_rate": 0.0027619081099757754, "n1_log2": 5.827324270090778, "n2_log2": 7.811842539786487, "n3_log2": 2.0559086916524354}, "datetime": {"datetime": "2025-06-02 22:43:34", "elapsed": 37235.733374, "delta": 399.461895}}
{"target": -0.6027438222368783, "params": {"batch_size_log2": 9.097316593051577, "dropout": 0.2878722684755744, "learning_rate": 0.0020906303993182096, "n1_log2": 5.033136397872642, "n2_log2": 7.937319426097791, "n3_log2": 2.189692872642152}, "datetime": {"datetime": "2025-06-02 22:50:26", "elapsed": 37647.233437, "delta": 411.500063}}
{"target": -0.6143968286291471, "params": {"batch_size_log2": 13.797198560462224, "dropout": 0.5, "learning_rate": 0.001714738179276828, "n1_log2": 5.243211201773848, "n2_log2": 4.64230502939561, "n3_log2": 3.2006918759787597}, "datetime": {"datetime": "2025-06-02 22:58:21", "elapsed": 38122.96765, "delta": 475.734213}}
{"target": -1.305347047599564, "params": {"batch_size_log2": 14.470329901257873, "dropout": 0.5, "learning_rate": 0.0024209887288770223, "n1_log2": 5.2075740095804, "n2_log2": 4.983228125130941, "n3_log2": 2.163280309874796}, "datetime": {"datetime": "2025-06-02 23:06:47", "elapsed": 38628.511324, "delta": 505.543674}}
{"target": -0.6010558594864177, "params": {"batch_size_log2": 13.209946526696317, "dropout": 0.5, "learning_rate": 0.0004148364188589243, "n1_log2": 5.773917814436184, "n2_log2": 4.320434372950962, "n3_log2": 4.081474041771572}, "datetime": {"datetime": "2025-06-02 23:21:03", "elapsed": 39484.729833, "delta": 856.218509}}
{"target": -0.6128986998287155, "params": {"batch_size_log2": 9.403793732504896, "dropout": 0.5, "learning_rate": 0.005, "n1_log2": 5.459736013005631, "n2_log2": 6.808920760198799, "n3_log2": 1.7267938976044273}, "datetime": {"datetime": "2025-06-02 23:27:18", "elapsed": 39859.110161, "delta": 374.380328}}
{"target": -1.5833505534338155, "params": {"batch_size_log2": 12.717331190350967, "dropout": 0.0, "learning_rate": 0.005, "n1_log2": 5.0, "n2_log2": 4.0, "n3_log2": 3.9182187214105078}, "datetime": {"datetime": "2025-06-02 23:34:04", "elapsed": 40265.248663, "delta": 406.138502}}
{"target": -0.6070329676159115, "params": {"batch_size_log2": 12.645434128641188, "dropout": 0.5, "learning_rate": 1e-05, "n1_log2": 6.435007316033164, "n2_log2": 4.31606841754142, "n3_log2": 4.7587171901474825}, "datetime": {"datetime": "2025-06-03 00:00:58", "elapsed": 41879.624608, "delta": 1614.375945}}
{"target": -0.6253364342171323, "params": {"batch_size_log2": 13.967632353335489, "dropout": 0.5, "learning_rate": 1e-05, "n1_log2": 6.182542767615048, "n2_log2": 4.53978758977507, "n3_log2": 3.319775640737908}, "datetime": {"datetime": "2025-06-03 00:28:30", "elapsed": 43531.339606, "delta": 1651.714998}}
{"target": -0.6403888078004534, "params": {"batch_size_log2": 13.364484166424408, "dropout": 0.5, "learning_rate": 1e-05, "n1_log2": 5.795865166312349, "n2_log2": 5.2922706357260205, "n3_log2": 3.3813772727998654}, "datetime": {"datetime": "2025-06-03 00:55:28", "elapsed": 45149.437141, "delta": 1618.097535}}
{"target": -0.6162819660244434, "params": {"batch_size_log2": 12.556639043729865, "dropout": 0.5, "learning_rate": 1e-05, "n1_log2": 5.617686185607268, "n2_log2": 4.834830511378253, "n3_log2": 5.147821399908867}, "datetime": {"datetime": "2025-06-03 01:22:11", "elapsed": 46752.41562, "delta": 1602.978479}}
{"target": -0.6060599805148863, "params": {"batch_size_log2": 11.725789887406256, "dropout": 0.5, "learning_rate": 1e-05, "n1_log2": 5.910658521308234, "n2_log2": 4.0, "n3_log2": 5.405459554277002}, "datetime": {"datetime": "2025-06-03 01:47:20", "elapsed": 48261.245627, "delta": 1508.830007}}
{"target": -0.6319318262991975, "params": {"batch_size_log2": 11.973943205437278, "dropout": 0.5, "learning_rate": 0.0025699738420444087, "n1_log2": 5.424917148901317, "n2_log2": 9.554240611033949, "n3_log2": 3.331102569336123}, "datetime": {"datetime": "2025-06-03 01:54:29", "elapsed": 48690.834245, "delta": 429.588618}}
{"target": -0.6450300883586031, "params": {"batch_size_log2": 13.184291117430103, "dropout": 0.5, "learning_rate": 0.005, "n1_log2": 5.138981143162544, "n2_log2": 10.0, "n3_log2": 3.918479456036788}, "datetime": {"datetime": "2025-06-03 02:03:39", "elapsed": 49240.173528, "delta": 549.339283}}
{"target": -0.5884263280606331, "params": {"batch_size_log2": 13.00957761125468, "dropout": 0.0, "learning_rate": 1e-05, "n1_log2": 5.0318652190004505, "n2_log2": 8.864878663342646, "n3_log2": 3.576361044440687}, "datetime": {"datetime": "2025-06-03 02:29:52", "elapsed": 50813.970709, "delta": 1573.797181}}
